<?xml version="1.0" encoding="UTF-8"?>
<!-- Generated by org.testng.reporters.JUnitReportReporter -->
<testsuite skipped="0" hostname="Aaseesh" name="com.Nebula.qa.testcases.LoginTest" tests="1" failures="0" timestamp="2020-05-25T08:46:14 IST" time="9.256" errors="0">
  <testcase name="LoginDetailstest" time="9.256" classname="com.Nebula.qa.testcases.LoginTest"/>
  <system-out/>
</testsuite> <!-- com.Nebula.qa.testcases.LoginTest -->
